#
# A fatal error has been detected by the Java Runtime Environment:
#
#  EXCEPTION_ACCESS_VIOLATION (0xc0000005) at pc=0x000000006ee76520, pid=972, tid=0x000000000000210c
#
# JRE version: Java(TM) SE Runtime Environment (8.0_121-b13) (build 1.8.0_121-b13)
# Java VM: Java HotSpot(TM) 64-Bit Server VM (25.121-b13 mixed mode windows-amd64 compressed oops)
# Problematic frame:
# C  [xuggle5620132252347462734.dll+0x736520]
#
# Failed to write core dump. Minidumps are not enabled by default on client versions of Windows
#
# If you would like to submit a bug report, please visit:
#   http://bugreport.java.com/bugreport/crash.jsp
# The crash happened outside the Java Virtual Machine in native code.
# See problematic frame for where to report the bug.
#

---------------  T H R E A D  ---------------

Current thread (0x000000000294e800):  JavaThread "main" [_thread_in_native, id=8460, stack(0x0000000002af0000,0x0000000002bf0000)]

siginfo: ExceptionCode=0xc0000005, reading address 0xffffffffffffffff

Registers:
RAX=0x000000001f3173d0, RBX=0x000000001f520120, RCX=0x000000001f3173d0, RDX=0x0000000000000009
RSP=0x0000000002bee430, RBP=0x000000001f316b10, RSI=0x000000001f3183d0, RDI=0x0000000000000004
R8 =0x000000006ee77580, R9 =0x000000006ee76490, R10=0x000000001f0ac980, R11=0x000000001f0c54b0
R12=0x000000001f0c5cb0, R13=0x0000000000000004, R14=0x0000000000000184, R15=0x000000006fab8f20
RIP=0x000000006ee76520, EFLAGS=0x0000000000010202

Top of Stack: (sp=0x0000000002bee430)
0x0000000002bee430:   000000006ee76665 000000006ee774c5
0x0000000002bee440:   000000006ee77505 000000006ee77545
0x0000000002bee450:   000000006ee77585 000000006ee79426
0x0000000002bee460:   000000006fab8f20 000000001f3173d0
0x0000000002bee470:   000000001f5225e0 0000000000000017
0x0000000002bee480:   3fe0000000000000 0000000000000000
0x0000000002bee490:   40c7760000000000 0000000000000000
0x0000000002bee4a0:   3fe0000000000000 0000000000000001
0x0000000002bee4b0:   000000001f5235e0 000000006ea45d24
0x0000000002bee4c0:   3f40624dd2f1a9fc 0000000000000000
0x0000000002bee4d0:   0000000000000000 0000000000000000
0x0000000002bee4e0:   0000000000000000 0000000000000000
0x0000000002bee4f0:   000000001f52c4e0 000000006fab7320
0x0000000002bee500:   000000001bdbb775 000000001f520080
0x0000000002bee510:   0000000000000001 000000001f316b10
0x0000000002bee520:   000000001f316b90 0000000000000000 

Instructions: (pc=0x000000006ee76520)
0x000000006ee76500:   c4 e3 5d 0c c0 55 c5 e4 5c c8 c5 e4 58 c0 c5 fc
0x000000006ee76510:   29 01 c5 fc 29 49 20 c3 0f 1f 84 00 00 00 00 00
0x000000006ee76520:   c5 fc 28 51 40 c5 fc 28 59 60 c5 ec 5c fb c5 ec
0x000000006ee76530:   58 d3 c5 c4 57 3d 26 41 84 00 c5 ec c6 df be c5 


Register to memory mapping:

RAX=0x000000001f3173d0 is an unknown value
RBX=0x000000001f520120 is an unknown value
RCX=0x000000001f3173d0 is an unknown value
RDX=0x0000000000000009 is an unknown value
RSP=0x0000000002bee430 is pointing into the stack for thread: 0x000000000294e800
RBP=0x000000001f316b10 is an unknown value
RSI=0x000000001f3183d0 is an unknown value
RDI=0x0000000000000004 is an unknown value
R8 =0x000000006ee77580 is an unknown value
R9 =0x000000006ee76490 is an unknown value
R10=0x000000001f0ac980 is an unknown value
R11=0x000000001f0c54b0 is an unknown value
R12=0x000000001f0c5cb0 is an unknown value
R13=0x0000000000000004 is an unknown value
R14=0x0000000000000184 is an unknown value
R15=0x000000006fab8f20 is an unknown value


Stack: [0x0000000002af0000,0x0000000002bf0000],  sp=0x0000000002bee430,  free space=1017k
Native frames: (J=compiled Java code, j=interpreted, Vv=VM code, C=native code)
C  [xuggle5620132252347462734.dll+0x736520]

Java frames: (J=compiled Java code, j=interpreted, Vv=VM code)
j  com.xuggle.xuggler.XugglerJNI.IContainer_open__SWIG_1(JLcom/xuggle/xuggler/IContainer;Ljava/lang/String;IJLcom/xuggle/xuggler/IContainerFormat;ZZ)I+0
j  com.xuggle.xuggler.IContainer.open(Ljava/lang/String;Lcom/xuggle/xuggler/IContainer$Type;Lcom/xuggle/xuggler/IContainerFormat;ZZ)I+19
j  com.xuggle.mediatool.MediaReader.open()V+20
j  com.xuggle.mediatool.MediaReader.readPacket()Lcom/xuggle/xuggler/IError;+8
j  greenscreen.VideoCapture.main([Ljava/lang/String;)V+29
v  ~StubRoutines::call_stub

---------------  P R O C E S S  ---------------

Java Threads: ( => current thread )
  0x000000001dd88800 JavaThread "Service Thread" daemon [_thread_blocked, id=3624, stack(0x000000001e360000,0x000000001e460000)]
  0x000000001c37e000 JavaThread "C1 CompilerThread2" daemon [_thread_blocked, id=1428, stack(0x000000001e260000,0x000000001e360000)]
  0x000000001c37d000 JavaThread "C2 CompilerThread1" daemon [_thread_blocked, id=7188, stack(0x000000001e160000,0x000000001e260000)]
  0x000000001c349000 JavaThread "C2 CompilerThread0" daemon [_thread_blocked, id=5428, stack(0x000000001dc60000,0x000000001dd60000)]
  0x000000001c338800 JavaThread "JDWP Command Reader" daemon [_thread_in_native, id=7836, stack(0x000000001db60000,0x000000001dc60000)]
  0x000000001c335000 JavaThread "JDWP Event Helper Thread" daemon [_thread_blocked, id=7896, stack(0x000000001da60000,0x000000001db60000)]
  0x000000001c329800 JavaThread "JDWP Transport Listener: dt_shmem" daemon [_thread_blocked, id=5284, stack(0x000000001d960000,0x000000001da60000)]
  0x000000001c31e800 JavaThread "Attach Listener" daemon [_thread_blocked, id=7324, stack(0x000000001d860000,0x000000001d960000)]
  0x000000001c31d000 JavaThread "Signal Dispatcher" daemon [_thread_blocked, id=2080, stack(0x000000001d760000,0x000000001d860000)]
  0x0000000002ceb000 JavaThread "Finalizer" daemon [_thread_blocked, id=5904, stack(0x000000001d570000,0x000000001d670000)]
  0x000000001c2e9000 JavaThread "Reference Handler" daemon [_thread_blocked, id=9068, stack(0x000000001d470000,0x000000001d570000)]
=>0x000000000294e800 JavaThread "main" [_thread_in_native, id=8460, stack(0x0000000002af0000,0x0000000002bf0000)]

Other Threads:
  0x000000001c2e8000 VMThread [stack: 0x000000001d370000,0x000000001d470000] [id=2884]
  0x000000001dd91800 WatcherThread [stack: 0x000000001e460000,0x000000001e560000] [id=2696]

VM state:not at safepoint (normal execution)

VM Mutex/Monitor currently owned by a thread: None

Heap:
 PSYoungGen      total 76288K, used 6554K [0x000000076b000000, 0x0000000770500000, 0x00000007c0000000)
  eden space 65536K, 10% used [0x000000076b000000,0x000000076b6669f0,0x000000076f000000)
  from space 10752K, 0% used [0x000000076fa80000,0x000000076fa80000,0x0000000770500000)
  to   space 10752K, 0% used [0x000000076f000000,0x000000076f000000,0x000000076fa80000)
 ParOldGen       total 175104K, used 0K [0x00000006c1000000, 0x00000006cbb00000, 0x000000076b000000)
  object space 175104K, 0% used [0x00000006c1000000,0x00000006c1000000,0x00000006cbb00000)
 Metaspace       used 4765K, capacity 5120K, committed 5248K, reserved 1056768K
  class space    used 525K, capacity 560K, committed 640K, reserved 1048576K

Card table byte_map: [0x00000000120b0000,0x00000000128b0000] byte_map_base: 0x000000000eaa8000

Marking Bits: (ParMarkBitMap*) 0x00000000652fb6d0
 Begin Bits: [0x0000000013200000, 0x00000000171c0000)
 End Bits:   [0x00000000171c0000, 0x000000001b180000)

Polling page: 0x0000000000e00000

CodeCache: size=245760Kb used=1657Kb max_used=1662Kb free=244102Kb
 bounds [0x0000000002cf0000, 0x0000000002f60000, 0x0000000011cf0000]
 total_blobs=548 nmethods=238 adapters=231
 compilation: enabled

Compilation events (10 events):
Event: 1.036 Thread 0x000000001c37e000 nmethod 232 0x0000000002e8b090 code [0x0000000002e8b1e0, 0x0000000002e8b2f0]
Event: 1.037 Thread 0x000000001c349000 nmethod 224 0x0000000002e8e350 code [0x0000000002e8e4a0, 0x0000000002e8e898]
Event: 1.037 Thread 0x000000001c37e000  234       3       java.util.WeakHashMap::maskNull (12 bytes)
Event: 1.038 Thread 0x000000001c37e000 nmethod 234 0x0000000002e8dc90 code [0x0000000002e8dde0, 0x0000000002e8df70]
Event: 1.038 Thread 0x000000001c37e000  235       3       java.util.WeakHashMap::hash (28 bytes)
Event: 1.038 Thread 0x000000001c37e000 nmethod 235 0x0000000002e8d810 code [0x0000000002e8d980, 0x0000000002e8dbc8]
Event: 1.040 Thread 0x000000001c37d000  236       4       java.lang.String::startsWith (72 bytes)
Event: 1.042 Thread 0x000000001c37d000 nmethod 236 0x0000000002e8b790 code [0x0000000002e8b8e0, 0x0000000002e8bb98]
Event: 1.042 Thread 0x000000001c37e000  238       3       sun.net.www.ParseUtil::encodePath (336 bytes)
Event: 1.043 Thread 0x000000001c37e000 nmethod 238 0x0000000002e90450 code [0x0000000002e906c0, 0x0000000002e91758]

GC Heap History (0 events):
No events

Deoptimization events (1 events):
Event: 0.896 Thread 0x000000000294e800 Uncommon trap: reason=unstable_if action=reinterpret pc=0x0000000002e7d978 method=java.util.zip.InflaterInputStream.read([BII)I @ 69

Internal exceptions (10 events):
Event: 0.630 Thread 0x000000000294e800 Exception <a 'java/security/PrivilegedActionException'> (0x000000076b085768) thrown at [C:\re\workspace\8-2-build-windows-amd64-cygwin\jdk8u121\8372\hotspot\src\share\vm\prims\jvm.cpp, line 1390]
Event: 0.630 Thread 0x000000000294e800 Exception <a 'java/security/PrivilegedActionException'> (0x000000076b085978) thrown at [C:\re\workspace\8-2-build-windows-amd64-cygwin\jdk8u121\8372\hotspot\src\share\vm\prims\jvm.cpp, line 1390]
Event: 0.630 Thread 0x000000000294e800 Exception <a 'java/security/PrivilegedActionException'> (0x000000076b087618) thrown at [C:\re\workspace\8-2-build-windows-amd64-cygwin\jdk8u121\8372\hotspot\src\share\vm\prims\jvm.cpp, line 1390]
Event: 0.630 Thread 0x000000000294e800 Exception <a 'java/security/PrivilegedActionException'> (0x000000076b087828) thrown at [C:\re\workspace\8-2-build-windows-amd64-cygwin\jdk8u121\8372\hotspot\src\share\vm\prims\jvm.cpp, line 1390]
Event: 0.630 Thread 0x000000000294e800 Exception <a 'java/security/PrivilegedActionException'> (0x000000076b089428) thrown at [C:\re\workspace\8-2-build-windows-amd64-cygwin\jdk8u121\8372\hotspot\src\share\vm\prims\jvm.cpp, line 1390]
Event: 0.630 Thread 0x000000000294e800 Exception <a 'java/security/PrivilegedActionException'> (0x000000076b089638) thrown at [C:\re\workspace\8-2-build-windows-amd64-cygwin\jdk8u121\8372\hotspot\src\share\vm\prims\jvm.cpp, line 1390]
Event: 0.662 Thread 0x000000000294e800 Exception <a 'java/security/PrivilegedActionException'> (0x000000076b120258) thrown at [C:\re\workspace\8-2-build-windows-amd64-cygwin\jdk8u121\8372\hotspot\src\share\vm\prims\jvm.cpp, line 1390]
Event: 0.662 Thread 0x000000000294e800 Exception <a 'java/security/PrivilegedActionException'> (0x000000076b120468) thrown at [C:\re\workspace\8-2-build-windows-amd64-cygwin\jdk8u121\8372\hotspot\src\share\vm\prims\jvm.cpp, line 1390]
Event: 0.663 Thread 0x000000000294e800 Exception <a 'java/security/PrivilegedActionException'> (0x000000076b124878) thrown at [C:\re\workspace\8-2-build-windows-amd64-cygwin\jdk8u121\8372\hotspot\src\share\vm\prims\jvm.cpp, line 1390]
Event: 0.663 Thread 0x000000000294e800 Exception <a 'java/security/PrivilegedActionException'> (0x000000076b124a88) thrown at [C:\re\workspace\8-2-build-windows-amd64-cygwin\jdk8u121\8372\hotspot\src\share\vm\prims\jvm.cpp, line 1390]

Events (10 events):
Event: 1.042 Thread 0x000000000294e800 DEOPT PACKING pc=0x0000000002e87164 sp=0x0000000002bed8a0
Event: 1.042 Thread 0x000000000294e800 DEOPT UNPACKING pc=0x0000000002d3787f sp=0x0000000002bed6c0 mode 1
Event: 1.042 Thread 0x000000000294e800 DEOPT PACKING pc=0x0000000002e86efc sp=0x0000000002beda30
Event: 1.042 Thread 0x000000000294e800 DEOPT UNPACKING pc=0x0000000002d3787f sp=0x0000000002bed868 mode 1
Event: 1.042 loading class com/xuggle/xuggler/IContainerFormat
Event: 1.042 loading class com/xuggle/xuggler/IContainerFormat done
Event: 1.042 Thread 0x000000000294e800 DEOPT PACKING pc=0x0000000002e87164 sp=0x0000000002bee1a0
Event: 1.042 Thread 0x000000000294e800 DEOPT UNPACKING pc=0x0000000002d3787f sp=0x0000000002bedfc0 mode 1
Event: 1.042 Thread 0x000000000294e800 DEOPT PACKING pc=0x0000000002e86efc sp=0x0000000002bee330
Event: 1.043 Thread 0x000000000294e800 DEOPT UNPACKING pc=0x0000000002d3787f sp=0x0000000002bee168 mode 1


Dynamic libraries:
0x00007ff71cfa0000 - 0x00007ff71cfd7000 	D:\Dark\Program Files\Java\jdk1.8.0_121\bin\java.exe
0x00007ffce81f0000 - 0x00007ffce83c1000 	C:\Windows\SYSTEM32\ntdll.dll
0x00007ffce7bd0000 - 0x00007ffce7c7b000 	C:\Windows\System32\KERNEL32.DLL
0x00007ffce5540000 - 0x00007ffce575d000 	C:\Windows\System32\KERNELBASE.dll
0x00007ffce76b0000 - 0x00007ffce7752000 	C:\Windows\System32\ADVAPI32.dll
0x00007ffce7ad0000 - 0x00007ffce7b6e000 	C:\Windows\System32\msvcrt.dll
0x00007ffce7900000 - 0x00007ffce7959000 	C:\Windows\System32\sechost.dll
0x00007ffce5780000 - 0x00007ffce58a1000 	C:\Windows\System32\RPCRT4.dll
0x00007ffce7960000 - 0x00007ffce7ac5000 	C:\Windows\System32\USER32.dll
0x00007ffce5760000 - 0x00007ffce577e000 	C:\Windows\System32\win32u.dll
0x00007ffce75a0000 - 0x00007ffce75d4000 	C:\Windows\System32\GDI32.dll
0x00007ffce46e0000 - 0x00007ffce4862000 	C:\Windows\System32\gdi32full.dll
0x00007ffcd3870000 - 0x00007ffcd3aea000 	C:\Windows\WinSxS\amd64_microsoft.windows.common-controls_6595b64144ccf1df_6.0.14393.953_none_42151e83c686086b\COMCTL32.dll
0x00007ffce7f20000 - 0x00007ffce81e8000 	C:\Windows\System32\combase.dll
0x00007ffce49d0000 - 0x00007ffce4ac5000 	C:\Windows\System32\ucrtbase.dll
0x00007ffce4960000 - 0x00007ffce49ca000 	C:\Windows\System32\bcryptPrimitives.dll
0x00007ffce7430000 - 0x00007ffce745e000 	C:\Windows\System32\IMM32.DLL
0x0000000064a00000 - 0x0000000064ad2000 	D:\Dark\Program Files\Java\jdk1.8.0_121\jre\bin\msvcr100.dll
0x0000000064ae0000 - 0x000000006537b000 	D:\Dark\Program Files\Java\jdk1.8.0_121\jre\bin\server\jvm.dll
0x00007ffce6e70000 - 0x00007ffce6e78000 	C:\Windows\System32\PSAPI.DLL
0x00007ffcda2e0000 - 0x00007ffcda2e9000 	C:\Windows\SYSTEM32\WSOCK32.dll
0x00007ffce2b00000 - 0x00007ffce2b23000 	C:\Windows\SYSTEM32\WINMM.dll
0x00007ffce7460000 - 0x00007ffce74ca000 	C:\Windows\System32\WS2_32.dll
0x00007ffce0ac0000 - 0x00007ffce0aca000 	C:\Windows\SYSTEM32\VERSION.dll
0x00007ffce2990000 - 0x00007ffce29bb000 	C:\Windows\SYSTEM32\WINMMBASE.dll
0x00007ffce4910000 - 0x00007ffce4952000 	C:\Windows\System32\cfgmgr32.dll
0x00000000649b0000 - 0x00000000649bf000 	D:\Dark\Program Files\Java\jdk1.8.0_121\jre\bin\verify.dll
0x0000000064980000 - 0x00000000649a9000 	D:\Dark\Program Files\Java\jdk1.8.0_121\jre\bin\java.dll
0x0000000063a40000 - 0x0000000063a75000 	D:\Dark\Program Files\Java\jdk1.8.0_121\jre\bin\jdwp.dll
0x0000000063a30000 - 0x0000000063a38000 	D:\Dark\Program Files\Java\jdk1.8.0_121\jre\bin\npt.dll
0x0000000064960000 - 0x0000000064976000 	D:\Dark\Program Files\Java\jdk1.8.0_121\jre\bin\zip.dll
0x00007ffce5950000 - 0x00007ffce6e58000 	C:\Windows\System32\SHELL32.dll
0x00007ffce4d50000 - 0x00007ffce542a000 	C:\Windows\System32\windows.storage.dll
0x00007ffce4690000 - 0x00007ffce46dc000 	C:\Windows\System32\powrprof.dll
0x00007ffce7540000 - 0x00007ffce7592000 	C:\Windows\System32\shlwapi.dll
0x00007ffce4670000 - 0x00007ffce467f000 	C:\Windows\System32\kernel.appcore.dll
0x00007ffce5490000 - 0x00007ffce5539000 	C:\Windows\System32\shcore.dll
0x00007ffce4650000 - 0x00007ffce4664000 	C:\Windows\System32\profapi.dll
0x00000000646c0000 - 0x00000000646cb000 	D:\Dark\Program Files\Java\jdk1.8.0_121\jre\bin\dt_shmem.dll
0x00007ffce40c0000 - 0x00007ffce40d7000 	C:\Windows\SYSTEM32\CRYPTSP.dll
0x00007ffce3b20000 - 0x00007ffce3b53000 	C:\Windows\system32\rsaenh.dll
0x00007ffce4590000 - 0x00007ffce45bb000 	C:\Windows\SYSTEM32\bcrypt.dll
0x00007ffce3da0000 - 0x00007ffce3dbf000 	C:\Windows\SYSTEM32\USERENV.dll
0x00007ffce40e0000 - 0x00007ffce40eb000 	C:\Windows\SYSTEM32\CRYPTBASE.dll
0x0000000064940000 - 0x000000006495a000 	D:\Dark\Program Files\Java\jdk1.8.0_121\jre\bin\net.dll
0x00007ffce3f20000 - 0x00007ffce3f7c000 	C:\Windows\system32\mswsock.dll
0x00007ffce3ca0000 - 0x00007ffce3cd8000 	C:\Windows\SYSTEM32\IPHLPAPI.DLL
0x00007ffce6e60000 - 0x00007ffce6e68000 	C:\Windows\System32\NSI.dll
0x00007ffce0b20000 - 0x00007ffce0b36000 	C:\Windows\SYSTEM32\dhcpcsvc6.DLL
0x00007ffce0b00000 - 0x00007ffce0b1a000 	C:\Windows\SYSTEM32\dhcpcsvc.DLL
0x0000000064920000 - 0x0000000064931000 	D:\Dark\Program Files\Java\jdk1.8.0_121\jre\bin\nio.dll
0x000000006e740000 - 0x000000006fda5000 	C:\Users\BestDark\AppData\Local\Temp\xuggle\xuggle5620132252347462734.dll
0x00007ffce7c80000 - 0x00007ffce7db7000 	C:\Windows\System32\ole32.dll
0x00007ffcdec90000 - 0x00007ffcdeca8000 	C:\Windows\SYSTEM32\AVICAP32.dll
0x00007ffcde7a0000 - 0x00007ffcde7c9000 	C:\Windows\SYSTEM32\MSVFW32.dll
0x00007ffce1170000 - 0x00007ffce1302000 	C:\Windows\SYSTEM32\dbghelp.dll

VM Arguments:
jvm_args: -Xdebug -Xrunjdwp:transport=dt_shmem,address=javadebug -Dfile.encoding=UTF-8 
java_command: greenscreen.VideoCapture
java_class_path (initial): D:\Dark\Program Files\NetBeans 8.2\NetBeansProjects\GreenScreen\marvin\framework\marvin_1.5.5.jar;D:\Dark\Program Files\NetBeans 8.2\NetBeansProjects\GreenScreen\marvin\framework\slf4j-api-1.7.25.jar;D:\Dark\Program Files\NetBeans 8.2\NetBeansProjects\GreenScreen\marvin\framework\slf4j-jdk14-1.7.25.jar;D:\Dark\Program Files\NetBeans 8.2\NetBeansProjects\GreenScreen\marvin\framework\xuggle-xuggler-5.4.jar;D:\Dark\Program Files\NetBeans 8.2\NetBeansProjects\GreenScreen\marvin\framework\jcl-over-slf4j-1.7.25.jar;D:\Dark\Program Files\NetBeans 8.2\NetBeansProjects\GreenScreen\marvin\framework\log4j-over-slf4j-1.7.25.jar;D:\Dark\Program Files\NetBeans 8.2\NetBeansProjects\GreenScreen\build\classes
Launcher Type: SUN_STANDARD

Environment Variables:
PATH=C:\ProgramData\Oracle\Java\javapath;C:\Windows\system32;C:\Windows;C:\Windows\System32\Wbem;C:\Windows\System32\WindowsPowerShell\v1.0\;C:\Program Files (x86)\NVIDIA Corporation\PhysX\Common;C:\MinGW\msys\1.0\bin;C:\MinGW\bin;C:\Users\BestDark\AppData\Local\Microsoft\WindowsApps;C:\MinGW\msys\1.0\bin;C:\MinGW\bin
USERNAME=BestDark
OS=Windows_NT
PROCESSOR_IDENTIFIER=Intel64 Family 6 Model 94 Stepping 3, GenuineIntel



---------------  S Y S T E M  ---------------

OS: Windows 10.0 , 64 bit Build 14393 (10.0.14393.0)

CPU:total 4 (4 cores per cpu, 1 threads per core) family 6 model 94 stepping 3, cmov, cx8, fxsr, mmx, sse, sse2, sse3, ssse3, sse4.1, sse4.2, popcnt, avx, avx2, aes, clmul, erms, rtm, 3dnowpref, lzcnt, tsc, tscinvbit, bmi1, bmi2, adx

Memory: 4k page, physical 16709452k(12647504k free), swap 19199820k(14277372k free)

vm_info: Java HotSpot(TM) 64-Bit Server VM (25.121-b13) for windows-amd64 JRE (1.8.0_121-b13), built on Dec 12 2016 18:21:36 by "java_re" with MS VC++ 10.0 (VS2010)

time: Thu Apr 20 01:24:17 2017
elapsed time: 1 seconds (0d 0h 0m 1s)

