#
# A fatal error has been detected by the Java Runtime Environment:
#
#  EXCEPTION_ACCESS_VIOLATION (0xc0000005) at pc=0x000000006ee76520, pid=7576, tid=0x0000000000001d74
#
# JRE version: Java(TM) SE Runtime Environment (8.0_121-b13) (build 1.8.0_121-b13)
# Java VM: Java HotSpot(TM) 64-Bit Server VM (25.121-b13 mixed mode windows-amd64 compressed oops)
# Problematic frame:
# C  [xuggle8846491408086074799.dll+0x736520]
#
# Failed to write core dump. Minidumps are not enabled by default on client versions of Windows
#
# If you would like to submit a bug report, please visit:
#   http://bugreport.java.com/bugreport/crash.jsp
# The crash happened outside the Java Virtual Machine in native code.
# See problematic frame for where to report the bug.
#

---------------  T H R E A D  ---------------

Current thread (0x0000000002bd0800):  JavaThread "main" [_thread_in_native, id=7540, stack(0x0000000002ad0000,0x0000000002bd0000)]

siginfo: ExceptionCode=0xc0000005, reading address 0xffffffffffffffff

Registers:
RAX=0x000000001f0171d0, RBX=0x000000001f210120, RCX=0x000000001f0171d0, RDX=0x0000000000000009
RSP=0x0000000002bce190, RBP=0x000000001f016910, RSI=0x000000001f0181d0, RDI=0x0000000000000004
R8 =0x000000006ee77580, R9 =0x000000006ee76490, R10=0x000000001edaa830, R11=0x000000001edc3060
R12=0x000000001edc3860, R13=0x0000000000000004, R14=0x0000000000000184, R15=0x000000006fab8f20
RIP=0x000000006ee76520, EFLAGS=0x0000000000010202

Top of Stack: (sp=0x0000000002bce190)
0x0000000002bce190:   000000006ee76665 000000006ee774c5
0x0000000002bce1a0:   000000006ee77505 000000006ee77545
0x0000000002bce1b0:   000000006ee77585 000000006ee79426
0x0000000002bce1c0:   000000006fab8f20 000000001f0171d0
0x0000000002bce1d0:   000000001f2125e0 0000000000000025
0x0000000002bce1e0:   3fe0000000000000 0000000000000000
0x0000000002bce1f0:   40c7760000000000 0000000000000000
0x0000000002bce200:   3fe0000000000000 0000000000000001
0x0000000002bce210:   000000001f2135e0 000000006ea45d24
0x0000000002bce220:   3f40624dd2f1a9fc 0000000000000000
0x0000000002bce230:   0000000000000000 0000000000000000
0x0000000002bce240:   0000000000000000 0000000000000000
0x0000000002bce250:   000000001f21c4e0 000000006fab7320
0x0000000002bce260:   000000001bd9a96d 000000001f210080
0x0000000002bce270:   0000000000000001 000000001f016910
0x0000000002bce280:   000000001f016990 0000000000000000 

Instructions: (pc=0x000000006ee76520)
0x000000006ee76500:   c4 e3 5d 0c c0 55 c5 e4 5c c8 c5 e4 58 c0 c5 fc
0x000000006ee76510:   29 01 c5 fc 29 49 20 c3 0f 1f 84 00 00 00 00 00
0x000000006ee76520:   c5 fc 28 51 40 c5 fc 28 59 60 c5 ec 5c fb c5 ec
0x000000006ee76530:   58 d3 c5 c4 57 3d 26 41 84 00 c5 ec c6 df be c5 


Register to memory mapping:

RAX=0x000000001f0171d0 is an unknown value
RBX=0x000000001f210120 is an unknown value
RCX=0x000000001f0171d0 is an unknown value
RDX=0x0000000000000009 is an unknown value
RSP=0x0000000002bce190 is pointing into the stack for thread: 0x0000000002bd0800
RBP=0x000000001f016910 is an unknown value
RSI=0x000000001f0181d0 is an unknown value
RDI=0x0000000000000004 is an unknown value
R8 =0x000000006ee77580 is an unknown value
R9 =0x000000006ee76490 is an unknown value
R10=0x000000001edaa830 is an unknown value
R11=0x000000001edc3060 is an unknown value
R12=0x000000001edc3860 is an unknown value
R13=0x0000000000000004 is an unknown value
R14=0x0000000000000184 is an unknown value
R15=0x000000006fab8f20 is an unknown value


Stack: [0x0000000002ad0000,0x0000000002bd0000],  sp=0x0000000002bce190,  free space=1016k
Native frames: (J=compiled Java code, j=interpreted, Vv=VM code, C=native code)
C  [xuggle8846491408086074799.dll+0x736520]

Java frames: (J=compiled Java code, j=interpreted, Vv=VM code)
j  com.xuggle.xuggler.XugglerJNI.IContainer_open__SWIG_1(JLcom/xuggle/xuggler/IContainer;Ljava/lang/String;IJLcom/xuggle/xuggler/IContainerFormat;ZZ)I+0
j  com.xuggle.xuggler.IContainer.open(Ljava/lang/String;Lcom/xuggle/xuggler/IContainer$Type;Lcom/xuggle/xuggler/IContainerFormat;ZZ)I+19
j  com.xuggle.mediatool.MediaReader.open()V+20
j  com.xuggle.mediatool.MediaReader.readPacket()Lcom/xuggle/xuggler/IError;+8
j  greenscreen.VideoCapture.main([Ljava/lang/String;)V+29
v  ~StubRoutines::call_stub

---------------  P R O C E S S  ---------------

Java Threads: ( => current thread )
  0x000000001c35e800 JavaThread "Service Thread" daemon [_thread_blocked, id=8792, stack(0x000000001e060000,0x000000001e160000)]
  0x000000001c305000 JavaThread "C1 CompilerThread2" daemon [_thread_blocked, id=7544, stack(0x000000001db60000,0x000000001dc60000)]
  0x000000001c2ff800 JavaThread "C2 CompilerThread1" daemon [_thread_blocked, id=7564, stack(0x000000001da60000,0x000000001db60000)]
  0x000000001c2fd800 JavaThread "C2 CompilerThread0" daemon [_thread_blocked, id=8984, stack(0x000000001d960000,0x000000001da60000)]
  0x000000001c2fc800 JavaThread "Attach Listener" daemon [_thread_blocked, id=8628, stack(0x000000001d860000,0x000000001d960000)]
  0x000000001c2fb800 JavaThread "Signal Dispatcher" daemon [_thread_blocked, id=6424, stack(0x000000001d760000,0x000000001d860000)]
  0x000000001c2ea000 JavaThread "Finalizer" daemon [_thread_blocked, id=2944, stack(0x000000001d570000,0x000000001d670000)]
  0x0000000002cc1000 JavaThread "Reference Handler" daemon [_thread_blocked, id=1860, stack(0x000000001d470000,0x000000001d570000)]
=>0x0000000002bd0800 JavaThread "main" [_thread_in_native, id=7540, stack(0x0000000002ad0000,0x0000000002bd0000)]

Other Threads:
  0x000000001c2c6800 VMThread [stack: 0x000000001d370000,0x000000001d470000] [id=9016]
  0x000000001dcaa000 WatcherThread [stack: 0x000000001e160000,0x000000001e260000] [id=5984]

VM state:not at safepoint (normal execution)

VM Mutex/Monitor currently owned by a thread: None

Heap:
 PSYoungGen      total 76288K, used 5243K [0x000000076b000000, 0x0000000770500000, 0x00000007c0000000)
  eden space 65536K, 8% used [0x000000076b000000,0x000000076b51ec08,0x000000076f000000)
  from space 10752K, 0% used [0x000000076fa80000,0x000000076fa80000,0x0000000770500000)
  to   space 10752K, 0% used [0x000000076f000000,0x000000076f000000,0x000000076fa80000)
 ParOldGen       total 175104K, used 0K [0x00000006c1000000, 0x00000006cbb00000, 0x000000076b000000)
  object space 175104K, 0% used [0x00000006c1000000,0x00000006c1000000,0x00000006cbb00000)
 Metaspace       used 4713K, capacity 5120K, committed 5248K, reserved 1056768K
  class space    used 525K, capacity 560K, committed 640K, reserved 1048576K

Card table byte_map: [0x0000000012090000,0x0000000012890000] byte_map_base: 0x000000000ea88000

Marking Bits: (ParMarkBitMap*) 0x000000006977b6d0
 Begin Bits: [0x00000000131e0000, 0x00000000171a0000)
 End Bits:   [0x00000000171a0000, 0x000000001b160000)

Polling page: 0x00000000011a0000

CodeCache: size=245760Kb used=1655Kb max_used=1660Kb free=244104Kb
 bounds [0x0000000002cd0000, 0x0000000002f40000, 0x0000000011cd0000]
 total_blobs=565 nmethods=247 adapters=231
 compilation: enabled

Compilation events (10 events):
Event: 0.536 Thread 0x000000001c305000  239       3       java.lang.ClassLoader::getClassLoadingLock (35 bytes)
Event: 0.536 Thread 0x000000001c305000 nmethod 239 0x0000000002e68490 code [0x0000000002e68600, 0x0000000002e689c8]
Event: 0.536 Thread 0x000000001c305000  242       1       sun.misc.URLClassPath$JarLoader::access$700 (5 bytes)
Event: 0.536 Thread 0x000000001c305000 nmethod 242 0x0000000002e65950 code [0x0000000002e65aa0, 0x0000000002e65b90]
Event: 0.536 Thread 0x000000001c305000  243       1       java.security.CodeSource::getLocation (5 bytes)
Event: 0.536 Thread 0x000000001c305000 nmethod 243 0x0000000002e681d0 code [0x0000000002e68320, 0x0000000002e68430]
Event: 0.537 Thread 0x000000001c2ff800  245       4       java.lang.String::startsWith (72 bytes)
Event: 0.539 Thread 0x000000001c305000  247       3       sun.net.www.ParseUtil::encodePath (336 bytes)
Event: 0.539 Thread 0x000000001c2ff800 nmethod 245 0x0000000002e67210 code [0x0000000002e67360, 0x0000000002e67538]
Event: 0.540 Thread 0x000000001c305000 nmethod 247 0x0000000002e6e390 code [0x0000000002e6e600, 0x0000000002e6f618]

GC Heap History (0 events):
No events

Deoptimization events (1 events):
Event: 0.381 Thread 0x0000000002bd0800 Uncommon trap: reason=unstable_if action=reinterpret pc=0x0000000002e59580 method=java.util.zip.InflaterInputStream.read([BII)I @ 69

Internal exceptions (10 events):
Event: 0.070 Thread 0x0000000002bd0800 Exception <a 'java/security/PrivilegedActionException'> (0x000000076b084248) thrown at [C:\re\workspace\8-2-build-windows-amd64-cygwin\jdk8u121\8372\hotspot\src\share\vm\prims\jvm.cpp, line 1390]
Event: 0.070 Thread 0x0000000002bd0800 Exception <a 'java/security/PrivilegedActionException'> (0x000000076b084458) thrown at [C:\re\workspace\8-2-build-windows-amd64-cygwin\jdk8u121\8372\hotspot\src\share\vm\prims\jvm.cpp, line 1390]
Event: 0.070 Thread 0x0000000002bd0800 Exception <a 'java/security/PrivilegedActionException'> (0x000000076b0860f8) thrown at [C:\re\workspace\8-2-build-windows-amd64-cygwin\jdk8u121\8372\hotspot\src\share\vm\prims\jvm.cpp, line 1390]
Event: 0.070 Thread 0x0000000002bd0800 Exception <a 'java/security/PrivilegedActionException'> (0x000000076b086308) thrown at [C:\re\workspace\8-2-build-windows-amd64-cygwin\jdk8u121\8372\hotspot\src\share\vm\prims\jvm.cpp, line 1390]
Event: 0.070 Thread 0x0000000002bd0800 Exception <a 'java/security/PrivilegedActionException'> (0x000000076b087f08) thrown at [C:\re\workspace\8-2-build-windows-amd64-cygwin\jdk8u121\8372\hotspot\src\share\vm\prims\jvm.cpp, line 1390]
Event: 0.070 Thread 0x0000000002bd0800 Exception <a 'java/security/PrivilegedActionException'> (0x000000076b088118) thrown at [C:\re\workspace\8-2-build-windows-amd64-cygwin\jdk8u121\8372\hotspot\src\share\vm\prims\jvm.cpp, line 1390]
Event: 0.094 Thread 0x0000000002bd0800 Exception <a 'java/security/PrivilegedActionException'> (0x000000076b11ef30) thrown at [C:\re\workspace\8-2-build-windows-amd64-cygwin\jdk8u121\8372\hotspot\src\share\vm\prims\jvm.cpp, line 1390]
Event: 0.094 Thread 0x0000000002bd0800 Exception <a 'java/security/PrivilegedActionException'> (0x000000076b11f140) thrown at [C:\re\workspace\8-2-build-windows-amd64-cygwin\jdk8u121\8372\hotspot\src\share\vm\prims\jvm.cpp, line 1390]
Event: 0.094 Thread 0x0000000002bd0800 Exception <a 'java/security/PrivilegedActionException'> (0x000000076b123550) thrown at [C:\re\workspace\8-2-build-windows-amd64-cygwin\jdk8u121\8372\hotspot\src\share\vm\prims\jvm.cpp, line 1390]
Event: 0.094 Thread 0x0000000002bd0800 Exception <a 'java/security/PrivilegedActionException'> (0x000000076b123760) thrown at [C:\re\workspace\8-2-build-windows-amd64-cygwin\jdk8u121\8372\hotspot\src\share\vm\prims\jvm.cpp, line 1390]

Events (10 events):
Event: 0.538 loading class com/xuggle/mediatool/AMediaListenerMixin
Event: 0.538 loading class com/xuggle/mediatool/AMediaListenerMixin done
Event: 0.538 loading class java/awt/image/RenderedImage
Event: 0.538 loading class java/awt/image/RenderedImage done
Event: 0.539 loading class com/xuggle/xuggler/IContainer$Type
Event: 0.539 loading class com/xuggle/xuggler/IContainer$Type done
Event: 0.539 loading class com/xuggle/xuggler/IContainer$Type$SwigNext
Event: 0.539 loading class com/xuggle/xuggler/IContainer$Type$SwigNext done
Event: 0.539 loading class com/xuggle/xuggler/IContainerFormat
Event: 0.539 loading class com/xuggle/xuggler/IContainerFormat done


Dynamic libraries:
0x00007ff7d2410000 - 0x00007ff7d2447000 	D:\Dark\Program Files\Java\jdk1.8.0_121\bin\java.exe
0x00007fff2c140000 - 0x00007fff2c311000 	C:\Windows\SYSTEM32\ntdll.dll
0x00007fff2b3c0000 - 0x00007fff2b46b000 	C:\Windows\System32\KERNEL32.DLL
0x00007fff29140000 - 0x00007fff2935d000 	C:\Windows\System32\KERNELBASE.dll
0x00007fff2c090000 - 0x00007fff2c132000 	C:\Windows\System32\ADVAPI32.dll
0x00007fff2b220000 - 0x00007fff2b2be000 	C:\Windows\System32\msvcrt.dll
0x00007fff2c000000 - 0x00007fff2c059000 	C:\Windows\System32\sechost.dll
0x00007fff2bb80000 - 0x00007fff2bca1000 	C:\Windows\System32\RPCRT4.dll
0x00007fff2b850000 - 0x00007fff2b9b5000 	C:\Windows\System32\USER32.dll
0x00007fff29410000 - 0x00007fff2942e000 	C:\Windows\System32\win32u.dll
0x00007fff2b380000 - 0x00007fff2b3b4000 	C:\Windows\System32\GDI32.dll
0x00007fff29430000 - 0x00007fff295b2000 	C:\Windows\System32\gdi32full.dll
0x00007fff17c10000 - 0x00007fff17e8a000 	C:\Windows\WinSxS\amd64_microsoft.windows.common-controls_6595b64144ccf1df_6.0.14393.953_none_42151e83c686086b\COMCTL32.dll
0x00007fff2bd30000 - 0x00007fff2bff8000 	C:\Windows\System32\combase.dll
0x00007fff28960000 - 0x00007fff28a55000 	C:\Windows\System32\ucrtbase.dll
0x00007fff295c0000 - 0x00007fff2962a000 	C:\Windows\System32\bcryptPrimitives.dll
0x00007fff2c060000 - 0x00007fff2c08e000 	C:\Windows\System32\IMM32.DLL
0x0000000068e80000 - 0x0000000068f52000 	D:\Dark\Program Files\Java\jdk1.8.0_121\jre\bin\msvcr100.dll
0x0000000068f60000 - 0x00000000697fb000 	D:\Dark\Program Files\Java\jdk1.8.0_121\jre\bin\server\jvm.dll
0x00007fff2bd20000 - 0x00007fff2bd28000 	C:\Windows\System32\PSAPI.DLL
0x00007fff1db10000 - 0x00007fff1db19000 	C:\Windows\SYSTEM32\WSOCK32.dll
0x00007fff26a50000 - 0x00007fff26a73000 	C:\Windows\SYSTEM32\WINMM.dll
0x00007fff2b470000 - 0x00007fff2b4da000 	C:\Windows\System32\WS2_32.dll
0x0000000001150000 - 0x000000000117b000 	C:\Windows\SYSTEM32\WINMMBASE.dll
0x00007fff28630000 - 0x00007fff28672000 	C:\Windows\System32\cfgmgr32.dll
0x00007fff22ca0000 - 0x00007fff22caa000 	C:\Windows\SYSTEM32\VERSION.dll
0x0000000068e30000 - 0x0000000068e3f000 	D:\Dark\Program Files\Java\jdk1.8.0_121\jre\bin\verify.dll
0x0000000068e00000 - 0x0000000068e29000 	D:\Dark\Program Files\Java\jdk1.8.0_121\jre\bin\java.dll
0x0000000068de0000 - 0x0000000068df6000 	D:\Dark\Program Files\Java\jdk1.8.0_121\jre\bin\zip.dll
0x00007fff297a0000 - 0x00007fff2aca8000 	C:\Windows\System32\SHELL32.dll
0x00007fff28a60000 - 0x00007fff2913a000 	C:\Windows\System32\windows.storage.dll
0x00007fff285e0000 - 0x00007fff2862c000 	C:\Windows\System32\powrprof.dll
0x00007fff2bcc0000 - 0x00007fff2bd12000 	C:\Windows\System32\shlwapi.dll
0x00007fff285d0000 - 0x00007fff285df000 	C:\Windows\System32\kernel.appcore.dll
0x00007fff286e0000 - 0x00007fff28789000 	C:\Windows\System32\shcore.dll
0x00007fff285b0000 - 0x00007fff285c4000 	C:\Windows\System32\profapi.dll
0x00007fff28010000 - 0x00007fff28027000 	C:\Windows\SYSTEM32\CRYPTSP.dll
0x00007fff27a70000 - 0x00007fff27aa3000 	C:\Windows\system32\rsaenh.dll
0x00007fff284e0000 - 0x00007fff2850b000 	C:\Windows\SYSTEM32\bcrypt.dll
0x00007fff27cf0000 - 0x00007fff27d0f000 	C:\Windows\SYSTEM32\USERENV.dll
0x00007fff28030000 - 0x00007fff2803b000 	C:\Windows\SYSTEM32\CRYPTBASE.dll
0x0000000068dc0000 - 0x0000000068dda000 	D:\Dark\Program Files\Java\jdk1.8.0_121\jre\bin\net.dll
0x00007fff27e70000 - 0x00007fff27ecc000 	C:\Windows\system32\mswsock.dll
0x00007fff27bf0000 - 0x00007fff27c28000 	C:\Windows\SYSTEM32\IPHLPAPI.DLL
0x00007fff296d0000 - 0x00007fff296d8000 	C:\Windows\System32\NSI.dll
0x00007fff24640000 - 0x00007fff24656000 	C:\Windows\SYSTEM32\dhcpcsvc6.DLL
0x00007fff24620000 - 0x00007fff2463a000 	C:\Windows\SYSTEM32\dhcpcsvc.DLL
0x0000000068da0000 - 0x0000000068db1000 	D:\Dark\Program Files\Java\jdk1.8.0_121\jre\bin\nio.dll
0x000000006e740000 - 0x000000006fda5000 	C:\Users\BestDark\AppData\Local\Temp\xuggle\xuggle8846491408086074799.dll
0x00007fff2b0e0000 - 0x00007fff2b217000 	C:\Windows\System32\ole32.dll
0x00007fff22400000 - 0x00007fff22418000 	C:\Windows\SYSTEM32\AVICAP32.dll
0x00007fff122f0000 - 0x00007fff12319000 	C:\Windows\SYSTEM32\MSVFW32.dll
0x00007fff1db40000 - 0x00007fff1dcd2000 	C:\Windows\SYSTEM32\dbghelp.dll

VM Arguments:
jvm_args: -Dfile.encoding=UTF-8 
java_command: greenscreen.VideoCapture
java_class_path (initial): D:\Dark\Program Files\NetBeans 8.2\NetBeansProjects\GreenScreen\marvin\framework\marvin_1.5.5.jar;D:\Dark\Program Files\NetBeans 8.2\NetBeansProjects\GreenScreen\marvin\framework\slf4j-api-1.7.25.jar;D:\Dark\Program Files\NetBeans 8.2\NetBeansProjects\GreenScreen\marvin\framework\slf4j-jdk14-1.7.25.jar;D:\Dark\Program Files\NetBeans 8.2\NetBeansProjects\GreenScreen\marvin\framework\xuggle-xuggler-5.4.jar;D:\Dark\Program Files\NetBeans 8.2\NetBeansProjects\GreenScreen\marvin\framework\jcl-over-slf4j-1.7.25.jar;D:\Dark\Program Files\NetBeans 8.2\NetBeansProjects\GreenScreen\marvin\framework\log4j-over-slf4j-1.7.25.jar;D:\Dark\Program Files\NetBeans 8.2\NetBeansProjects\GreenScreen\build\classes
Launcher Type: SUN_STANDARD

Environment Variables:
PATH=C:\ProgramData\Oracle\Java\javapath;C:\Windows\system32;C:\Windows;C:\Windows\System32\Wbem;C:\Windows\System32\WindowsPowerShell\v1.0\;C:\Program Files (x86)\NVIDIA Corporation\PhysX\Common;C:\MinGW\msys\1.0\bin;C:\MinGW\bin;C:\Users\BestDark\AppData\Local\Microsoft\WindowsApps;C:\MinGW\msys\1.0\bin;C:\MinGW\bin
USERNAME=BestDark
OS=Windows_NT
PROCESSOR_IDENTIFIER=Intel64 Family 6 Model 94 Stepping 3, GenuineIntel



---------------  S Y S T E M  ---------------

OS: Windows 10.0 , 64 bit Build 14393 (10.0.14393.0)

CPU:total 4 (4 cores per cpu, 1 threads per core) family 6 model 94 stepping 3, cmov, cx8, fxsr, mmx, sse, sse2, sse3, ssse3, sse4.1, sse4.2, popcnt, avx, avx2, aes, clmul, erms, rtm, 3dnowpref, lzcnt, tsc, tscinvbit, bmi1, bmi2, adx

Memory: 4k page, physical 16709452k(13847916k free), swap 19199820k(15767752k free)

vm_info: Java HotSpot(TM) 64-Bit Server VM (25.121-b13) for windows-amd64 JRE (1.8.0_121-b13), built on Dec 12 2016 18:21:36 by "java_re" with MS VC++ 10.0 (VS2010)

time: Thu Apr 20 01:36:41 2017
elapsed time: 0 seconds (0d 0h 0m 0s)

