#
# A fatal error has been detected by the Java Runtime Environment:
#
#  EXCEPTION_ACCESS_VIOLATION (0xc0000005) at pc=0x000000006ee76520, pid=7300, tid=0x0000000000001ccc
#
# JRE version: Java(TM) SE Runtime Environment (8.0_121-b13) (build 1.8.0_121-b13)
# Java VM: Java HotSpot(TM) 64-Bit Server VM (25.121-b13 mixed mode windows-amd64 compressed oops)
# Problematic frame:
# C  [xuggle6422668961411891175.dll+0x736520]
#
# Failed to write core dump. Minidumps are not enabled by default on client versions of Windows
#
# If you would like to submit a bug report, please visit:
#   http://bugreport.java.com/bugreport/crash.jsp
# The crash happened outside the Java Virtual Machine in native code.
# See problematic frame for where to report the bug.
#

---------------  T H R E A D  ---------------

Current thread (0x000000000319e800):  JavaThread "main" [_thread_in_native, id=7372, stack(0x00000000031a0000,0x00000000032a0000)]

siginfo: ExceptionCode=0xc0000005, reading address 0xffffffffffffffff

Registers:
RAX=0x000000001f9c73d0, RBX=0x000000001fbc0120, RCX=0x000000001f9c73d0, RDX=0x0000000000000009
RSP=0x000000000329dcd0, RBP=0x000000001f9c6b10, RSI=0x000000001f9c83d0, RDI=0x0000000000000004
R8 =0x000000006ee77580, R9 =0x000000006ee76490, R10=0x000000001f75c980, R11=0x000000001f7754b0
R12=0x000000001f775cb0, R13=0x0000000000000004, R14=0x0000000000000184, R15=0x000000006fab8f20
RIP=0x000000006ee76520, EFLAGS=0x0000000000010202

Top of Stack: (sp=0x000000000329dcd0)
0x000000000329dcd0:   000000006ee76665 000000006ee774c5
0x000000000329dce0:   000000006ee77505 000000006ee77545
0x000000000329dcf0:   000000006ee77585 000000006ee79426
0x000000000329dd00:   000000006fab8f20 000000001f9c73d0
0x000000000329dd10:   000000001fbc25e0 0000000000000017
0x000000000329dd20:   3fe0000000000000 0000000000000000
0x000000000329dd30:   40c7760000000000 0000000000000000
0x000000000329dd40:   3fe0000000000000 0000000000000001
0x000000000329dd50:   000000001fbc35e0 000000006ea45d24
0x000000000329dd60:   3f40624dd2f1a9fc 0000000000000000
0x000000000329dd70:   0000000000000000 0000000000000000
0x000000000329dd80:   0000000000000000 0000000000000000
0x000000000329dd90:   000000001fbcc4e0 000000006fab7320
0x000000000329dda0:   000000001c46b775 000000001fbc0080
0x000000000329ddb0:   0000000000000001 000000001f9c6b10
0x000000000329ddc0:   000000001f9c6b90 0000000000000000 

Instructions: (pc=0x000000006ee76520)
0x000000006ee76500:   c4 e3 5d 0c c0 55 c5 e4 5c c8 c5 e4 58 c0 c5 fc
0x000000006ee76510:   29 01 c5 fc 29 49 20 c3 0f 1f 84 00 00 00 00 00
0x000000006ee76520:   c5 fc 28 51 40 c5 fc 28 59 60 c5 ec 5c fb c5 ec
0x000000006ee76530:   58 d3 c5 c4 57 3d 26 41 84 00 c5 ec c6 df be c5 


Register to memory mapping:

RAX=0x000000001f9c73d0 is an unknown value
RBX=0x000000001fbc0120 is an unknown value
RCX=0x000000001f9c73d0 is an unknown value
RDX=0x0000000000000009 is an unknown value
RSP=0x000000000329dcd0 is pointing into the stack for thread: 0x000000000319e800
RBP=0x000000001f9c6b10 is an unknown value
RSI=0x000000001f9c83d0 is an unknown value
RDI=0x0000000000000004 is an unknown value
R8 =0x000000006ee77580 is an unknown value
R9 =0x000000006ee76490 is an unknown value
R10=0x000000001f75c980 is an unknown value
R11=0x000000001f7754b0 is an unknown value
R12=0x000000001f775cb0 is an unknown value
R13=0x0000000000000004 is an unknown value
R14=0x0000000000000184 is an unknown value
R15=0x000000006fab8f20 is an unknown value


Stack: [0x00000000031a0000,0x00000000032a0000],  sp=0x000000000329dcd0,  free space=1015k
Native frames: (J=compiled Java code, j=interpreted, Vv=VM code, C=native code)
C  [xuggle6422668961411891175.dll+0x736520]

Java frames: (J=compiled Java code, j=interpreted, Vv=VM code)
j  com.xuggle.xuggler.XugglerJNI.IContainer_open__SWIG_1(JLcom/xuggle/xuggler/IContainer;Ljava/lang/String;IJLcom/xuggle/xuggler/IContainerFormat;ZZ)I+0
j  com.xuggle.xuggler.IContainer.open(Ljava/lang/String;Lcom/xuggle/xuggler/IContainer$Type;Lcom/xuggle/xuggler/IContainerFormat;ZZ)I+19
j  com.xuggle.mediatool.MediaReader.open()V+20
j  com.xuggle.mediatool.MediaReader.readPacket()Lcom/xuggle/xuggler/IError;+8
j  greenscreen.VideoCapture.main([Ljava/lang/String;)V+29
v  ~StubRoutines::call_stub

---------------  P R O C E S S  ---------------

Java Threads: ( => current thread )
  0x000000001e437800 JavaThread "Service Thread" daemon [_thread_blocked, id=7480, stack(0x000000001ea10000,0x000000001eb10000)]
  0x000000001e432000 JavaThread "C1 CompilerThread2" daemon [_thread_blocked, id=7476, stack(0x000000001e910000,0x000000001ea10000)]
  0x000000001e431000 JavaThread "C2 CompilerThread1" daemon [_thread_blocked, id=7472, stack(0x000000001e810000,0x000000001e910000)]
  0x000000001c9f9000 JavaThread "C2 CompilerThread0" daemon [_thread_blocked, id=7468, stack(0x000000001e310000,0x000000001e410000)]
  0x000000001c9e8800 JavaThread "JDWP Command Reader" daemon [_thread_in_native, id=7428, stack(0x000000001e210000,0x000000001e310000)]
  0x000000001c9e5000 JavaThread "JDWP Event Helper Thread" daemon [_thread_blocked, id=7424, stack(0x000000001e110000,0x000000001e210000)]
  0x000000001c9d8800 JavaThread "JDWP Transport Listener: dt_shmem" daemon [_thread_blocked, id=7420, stack(0x000000001e010000,0x000000001e110000)]
  0x000000001c9cd000 JavaThread "Attach Listener" daemon [_thread_blocked, id=7416, stack(0x000000001df10000,0x000000001e010000)]
  0x000000001c9cc000 JavaThread "Signal Dispatcher" daemon [_thread_blocked, id=7412, stack(0x000000001de10000,0x000000001df10000)]
  0x000000001c9ba800 JavaThread "Finalizer" daemon [_thread_blocked, id=7408, stack(0x000000001dc20000,0x000000001dd20000)]
  0x000000001c999000 JavaThread "Reference Handler" daemon [_thread_blocked, id=7400, stack(0x000000001db20000,0x000000001dc20000)]
=>0x000000000319e800 JavaThread "main" [_thread_in_native, id=7372, stack(0x00000000031a0000,0x00000000032a0000)]

Other Threads:
  0x000000001c998000 VMThread [stack: 0x000000001da20000,0x000000001db20000] [id=7392]
  0x000000001e440800 WatcherThread [stack: 0x000000001eb10000,0x000000001ec10000] [id=7488]

VM state:not at safepoint (normal execution)

VM Mutex/Monitor currently owned by a thread: None

Heap:
 PSYoungGen      total 76288K, used 6554K [0x000000076b000000, 0x0000000770500000, 0x00000007c0000000)
  eden space 65536K, 10% used [0x000000076b000000,0x000000076b6669f0,0x000000076f000000)
  from space 10752K, 0% used [0x000000076fa80000,0x000000076fa80000,0x0000000770500000)
  to   space 10752K, 0% used [0x000000076f000000,0x000000076f000000,0x000000076fa80000)
 ParOldGen       total 175104K, used 0K [0x00000006c1000000, 0x00000006cbb00000, 0x000000076b000000)
  object space 175104K, 0% used [0x00000006c1000000,0x00000006c1000000,0x00000006cbb00000)
 Metaspace       used 4766K, capacity 5120K, committed 5248K, reserved 1056768K
  class space    used 525K, capacity 560K, committed 640K, reserved 1048576K

Card table byte_map: [0x0000000012760000,0x0000000012f60000] byte_map_base: 0x000000000f158000

Marking Bits: (ParMarkBitMap*) 0x000000006977b6d0
 Begin Bits: [0x00000000138b0000, 0x0000000017870000)
 End Bits:   [0x0000000017870000, 0x000000001b830000)

Polling page: 0x00000000014c0000

CodeCache: size=245760Kb used=1666Kb max_used=1671Kb free=244093Kb
 bounds [0x00000000033a0000, 0x0000000003610000, 0x00000000123a0000]
 total_blobs=555 nmethods=245 adapters=231
 compilation: enabled

Compilation events (10 events):
Event: 1.329 Thread 0x000000001e432000 nmethod 238 0x000000000353d310 code [0x000000000353d460, 0x000000000353d570]
Event: 1.330 Thread 0x000000001c9f9000 nmethod 230 0x00000000035405d0 code [0x0000000003540720, 0x0000000003540b18]
Event: 1.330 Thread 0x000000001e432000  241       3       java.util.WeakHashMap::maskNull (12 bytes)
Event: 1.330 Thread 0x000000001e432000 nmethod 241 0x000000000353ff10 code [0x0000000003540060, 0x00000000035401f0]
Event: 1.330 Thread 0x000000001e432000  242       3       java.util.WeakHashMap::hash (28 bytes)
Event: 1.330 Thread 0x000000001e432000 nmethod 242 0x000000000353fa90 code [0x000000000353fc00, 0x000000000353fe48]
Event: 1.333 Thread 0x000000001e431000  243       4       java.lang.String::startsWith (72 bytes)
Event: 1.335 Thread 0x000000001e431000 nmethod 243 0x000000000353d810 code [0x000000000353d960, 0x000000000353dc18]
Event: 1.335 Thread 0x000000001e432000  245       3       sun.net.www.ParseUtil::encodePath (336 bytes)
Event: 1.336 Thread 0x000000001e432000 nmethod 245 0x00000000035426d0 code [0x0000000003542940, 0x00000000035439d8]

GC Heap History (0 events):
No events

Deoptimization events (1 events):
Event: 1.169 Thread 0x000000000319e800 Uncommon trap: reason=unstable_if action=reinterpret pc=0x000000000352f678 method=java.util.zip.InflaterInputStream.read([BII)I @ 69

Internal exceptions (10 events):
Event: 0.831 Thread 0x000000000319e800 Exception <a 'java/security/PrivilegedActionException'> (0x000000076b085768) thrown at [C:\re\workspace\8-2-build-windows-amd64-cygwin\jdk8u121\8372\hotspot\src\share\vm\prims\jvm.cpp, line 1390]
Event: 0.831 Thread 0x000000000319e800 Exception <a 'java/security/PrivilegedActionException'> (0x000000076b085978) thrown at [C:\re\workspace\8-2-build-windows-amd64-cygwin\jdk8u121\8372\hotspot\src\share\vm\prims\jvm.cpp, line 1390]
Event: 0.831 Thread 0x000000000319e800 Exception <a 'java/security/PrivilegedActionException'> (0x000000076b087618) thrown at [C:\re\workspace\8-2-build-windows-amd64-cygwin\jdk8u121\8372\hotspot\src\share\vm\prims\jvm.cpp, line 1390]
Event: 0.831 Thread 0x000000000319e800 Exception <a 'java/security/PrivilegedActionException'> (0x000000076b087828) thrown at [C:\re\workspace\8-2-build-windows-amd64-cygwin\jdk8u121\8372\hotspot\src\share\vm\prims\jvm.cpp, line 1390]
Event: 0.832 Thread 0x000000000319e800 Exception <a 'java/security/PrivilegedActionException'> (0x000000076b089428) thrown at [C:\re\workspace\8-2-build-windows-amd64-cygwin\jdk8u121\8372\hotspot\src\share\vm\prims\jvm.cpp, line 1390]
Event: 0.832 Thread 0x000000000319e800 Exception <a 'java/security/PrivilegedActionException'> (0x000000076b089638) thrown at [C:\re\workspace\8-2-build-windows-amd64-cygwin\jdk8u121\8372\hotspot\src\share\vm\prims\jvm.cpp, line 1390]
Event: 0.862 Thread 0x000000000319e800 Exception <a 'java/security/PrivilegedActionException'> (0x000000076b120258) thrown at [C:\re\workspace\8-2-build-windows-amd64-cygwin\jdk8u121\8372\hotspot\src\share\vm\prims\jvm.cpp, line 1390]
Event: 0.862 Thread 0x000000000319e800 Exception <a 'java/security/PrivilegedActionException'> (0x000000076b120468) thrown at [C:\re\workspace\8-2-build-windows-amd64-cygwin\jdk8u121\8372\hotspot\src\share\vm\prims\jvm.cpp, line 1390]
Event: 0.863 Thread 0x000000000319e800 Exception <a 'java/security/PrivilegedActionException'> (0x000000076b124878) thrown at [C:\re\workspace\8-2-build-windows-amd64-cygwin\jdk8u121\8372\hotspot\src\share\vm\prims\jvm.cpp, line 1390]
Event: 0.863 Thread 0x000000000319e800 Exception <a 'java/security/PrivilegedActionException'> (0x000000076b124a88) thrown at [C:\re\workspace\8-2-build-windows-amd64-cygwin\jdk8u121\8372\hotspot\src\share\vm\prims\jvm.cpp, line 1390]

Events (10 events):
Event: 1.335 Thread 0x000000000319e800 DEOPT PACKING pc=0x0000000003539064 sp=0x000000000329d140
Event: 1.335 Thread 0x000000000319e800 DEOPT UNPACKING pc=0x00000000033e787f sp=0x000000000329cf60 mode 1
Event: 1.335 Thread 0x000000000319e800 DEOPT PACKING pc=0x0000000003538dfc sp=0x000000000329d2d0
Event: 1.335 Thread 0x000000000319e800 DEOPT UNPACKING pc=0x00000000033e787f sp=0x000000000329d108 mode 1
Event: 1.335 loading class com/xuggle/xuggler/IContainerFormat
Event: 1.335 loading class com/xuggle/xuggler/IContainerFormat done
Event: 1.335 Thread 0x000000000319e800 DEOPT PACKING pc=0x0000000003539064 sp=0x000000000329da40
Event: 1.335 Thread 0x000000000319e800 DEOPT UNPACKING pc=0x00000000033e787f sp=0x000000000329d860 mode 1
Event: 1.335 Thread 0x000000000319e800 DEOPT PACKING pc=0x0000000003538dfc sp=0x000000000329dbd0
Event: 1.335 Thread 0x000000000319e800 DEOPT UNPACKING pc=0x00000000033e787f sp=0x000000000329da08 mode 1


Dynamic libraries:
0x00007ff7d2410000 - 0x00007ff7d2447000 	D:\Dark\Program Files\Java\jdk1.8.0_121\bin\java.exe
0x00007fff2c140000 - 0x00007fff2c311000 	C:\Windows\SYSTEM32\ntdll.dll
0x00007fff2b3c0000 - 0x00007fff2b46b000 	C:\Windows\System32\KERNEL32.DLL
0x00007fff29140000 - 0x00007fff2935d000 	C:\Windows\System32\KERNELBASE.dll
0x00007fff2c090000 - 0x00007fff2c132000 	C:\Windows\System32\ADVAPI32.dll
0x00007fff2b220000 - 0x00007fff2b2be000 	C:\Windows\System32\msvcrt.dll
0x00007fff2c000000 - 0x00007fff2c059000 	C:\Windows\System32\sechost.dll
0x00007fff2bb80000 - 0x00007fff2bca1000 	C:\Windows\System32\RPCRT4.dll
0x00007fff2b850000 - 0x00007fff2b9b5000 	C:\Windows\System32\USER32.dll
0x00007fff29410000 - 0x00007fff2942e000 	C:\Windows\System32\win32u.dll
0x00007fff2b380000 - 0x00007fff2b3b4000 	C:\Windows\System32\GDI32.dll
0x00007fff29430000 - 0x00007fff295b2000 	C:\Windows\System32\gdi32full.dll
0x00007fff17c10000 - 0x00007fff17e8a000 	C:\Windows\WinSxS\amd64_microsoft.windows.common-controls_6595b64144ccf1df_6.0.14393.953_none_42151e83c686086b\COMCTL32.dll
0x00007fff2bd30000 - 0x00007fff2bff8000 	C:\Windows\System32\combase.dll
0x00007fff28960000 - 0x00007fff28a55000 	C:\Windows\System32\ucrtbase.dll
0x00007fff295c0000 - 0x00007fff2962a000 	C:\Windows\System32\bcryptPrimitives.dll
0x00007fff2c060000 - 0x00007fff2c08e000 	C:\Windows\System32\IMM32.DLL
0x0000000068e80000 - 0x0000000068f52000 	D:\Dark\Program Files\Java\jdk1.8.0_121\jre\bin\msvcr100.dll
0x0000000068f60000 - 0x00000000697fb000 	D:\Dark\Program Files\Java\jdk1.8.0_121\jre\bin\server\jvm.dll
0x00007fff2bd20000 - 0x00007fff2bd28000 	C:\Windows\System32\PSAPI.DLL
0x00007fff1db10000 - 0x00007fff1db19000 	C:\Windows\SYSTEM32\WSOCK32.dll
0x00007fff26a50000 - 0x00007fff26a73000 	C:\Windows\SYSTEM32\WINMM.dll
0x00007fff22ca0000 - 0x00007fff22caa000 	C:\Windows\SYSTEM32\VERSION.dll
0x00007fff2b470000 - 0x00007fff2b4da000 	C:\Windows\System32\WS2_32.dll
0x00007fff269f0000 - 0x00007fff26a1b000 	C:\Windows\SYSTEM32\WINMMBASE.dll
0x00007fff28630000 - 0x00007fff28672000 	C:\Windows\System32\cfgmgr32.dll
0x0000000068e30000 - 0x0000000068e3f000 	D:\Dark\Program Files\Java\jdk1.8.0_121\jre\bin\verify.dll
0x0000000068e00000 - 0x0000000068e29000 	D:\Dark\Program Files\Java\jdk1.8.0_121\jre\bin\java.dll
0x0000000068ad0000 - 0x0000000068b05000 	D:\Dark\Program Files\Java\jdk1.8.0_121\jre\bin\jdwp.dll
0x0000000068ac0000 - 0x0000000068ac8000 	D:\Dark\Program Files\Java\jdk1.8.0_121\jre\bin\npt.dll
0x0000000068de0000 - 0x0000000068df6000 	D:\Dark\Program Files\Java\jdk1.8.0_121\jre\bin\zip.dll
0x00007fff297a0000 - 0x00007fff2aca8000 	C:\Windows\System32\SHELL32.dll
0x00007fff28a60000 - 0x00007fff2913a000 	C:\Windows\System32\windows.storage.dll
0x00007fff285e0000 - 0x00007fff2862c000 	C:\Windows\System32\powrprof.dll
0x00007fff2bcc0000 - 0x00007fff2bd12000 	C:\Windows\System32\shlwapi.dll
0x00007fff285d0000 - 0x00007fff285df000 	C:\Windows\System32\kernel.appcore.dll
0x00007fff286e0000 - 0x00007fff28789000 	C:\Windows\System32\shcore.dll
0x00007fff285b0000 - 0x00007fff285c4000 	C:\Windows\System32\profapi.dll
0x0000000068b10000 - 0x0000000068b1b000 	D:\Dark\Program Files\Java\jdk1.8.0_121\jre\bin\dt_shmem.dll
0x00007fff28010000 - 0x00007fff28027000 	C:\Windows\SYSTEM32\CRYPTSP.dll
0x00007fff27a70000 - 0x00007fff27aa3000 	C:\Windows\system32\rsaenh.dll
0x00007fff284e0000 - 0x00007fff2850b000 	C:\Windows\SYSTEM32\bcrypt.dll
0x00007fff27cf0000 - 0x00007fff27d0f000 	C:\Windows\SYSTEM32\USERENV.dll
0x00007fff28030000 - 0x00007fff2803b000 	C:\Windows\SYSTEM32\CRYPTBASE.dll
0x0000000068dc0000 - 0x0000000068dda000 	D:\Dark\Program Files\Java\jdk1.8.0_121\jre\bin\net.dll
0x00007fff27e70000 - 0x00007fff27ecc000 	C:\Windows\system32\mswsock.dll
0x00007fff27bf0000 - 0x00007fff27c28000 	C:\Windows\SYSTEM32\IPHLPAPI.DLL
0x00007fff296d0000 - 0x00007fff296d8000 	C:\Windows\System32\NSI.dll
0x00007fff24640000 - 0x00007fff24656000 	C:\Windows\SYSTEM32\dhcpcsvc6.DLL
0x00007fff24620000 - 0x00007fff2463a000 	C:\Windows\SYSTEM32\dhcpcsvc.DLL
0x0000000068da0000 - 0x0000000068db1000 	D:\Dark\Program Files\Java\jdk1.8.0_121\jre\bin\nio.dll
0x000000006e740000 - 0x000000006fda5000 	C:\Users\BestDark\AppData\Local\Temp\xuggle\xuggle6422668961411891175.dll
0x00007fff2b0e0000 - 0x00007fff2b217000 	C:\Windows\System32\ole32.dll
0x00007fff22440000 - 0x00007fff22458000 	C:\Windows\SYSTEM32\AVICAP32.dll
0x00007fff22410000 - 0x00007fff22439000 	C:\Windows\SYSTEM32\MSVFW32.dll
0x00007fff1db40000 - 0x00007fff1dcd2000 	C:\Windows\SYSTEM32\dbghelp.dll

VM Arguments:
jvm_args: -Xdebug -Xrunjdwp:transport=dt_shmem,address=javadebug -Dfile.encoding=UTF-8 
java_command: greenscreen.VideoCapture
java_class_path (initial): D:\Dark\Program Files\NetBeans 8.2\NetBeansProjects\GreenScreen\marvin\framework\marvin_1.5.5.jar;D:\Dark\Program Files\NetBeans 8.2\NetBeansProjects\GreenScreen\marvin\framework\slf4j-api-1.7.25.jar;D:\Dark\Program Files\NetBeans 8.2\NetBeansProjects\GreenScreen\marvin\framework\slf4j-jdk14-1.7.25.jar;D:\Dark\Program Files\NetBeans 8.2\NetBeansProjects\GreenScreen\marvin\framework\xuggle-xuggler-5.4.jar;D:\Dark\Program Files\NetBeans 8.2\NetBeansProjects\GreenScreen\marvin\framework\jcl-over-slf4j-1.7.25.jar;D:\Dark\Program Files\NetBeans 8.2\NetBeansProjects\GreenScreen\marvin\framework\log4j-over-slf4j-1.7.25.jar;D:\Dark\Program Files\NetBeans 8.2\NetBeansProjects\GreenScreen\build\classes
Launcher Type: SUN_STANDARD

Environment Variables:
PATH=C:\ProgramData\Oracle\Java\javapath;C:\Windows\system32;C:\Windows;C:\Windows\System32\Wbem;C:\Windows\System32\WindowsPowerShell\v1.0\;C:\Program Files (x86)\NVIDIA Corporation\PhysX\Common;C:\MinGW\msys\1.0\bin;C:\MinGW\bin;C:\Users\BestDark\AppData\Local\Microsoft\WindowsApps;C:\MinGW\msys\1.0\bin;C:\MinGW\bin
USERNAME=BestDark
OS=Windows_NT
PROCESSOR_IDENTIFIER=Intel64 Family 6 Model 94 Stepping 3, GenuineIntel



---------------  S Y S T E M  ---------------

OS: Windows 10.0 , 64 bit Build 14393 (10.0.14393.0)

CPU:total 4 (4 cores per cpu, 1 threads per core) family 6 model 94 stepping 3, cmov, cx8, fxsr, mmx, sse, sse2, sse3, ssse3, sse4.1, sse4.2, popcnt, avx, avx2, aes, clmul, erms, rtm, 3dnowpref, lzcnt, tsc, tscinvbit, bmi1, bmi2, adx

Memory: 4k page, physical 16709452k(13784088k free), swap 19199820k(15783436k free)

vm_info: Java HotSpot(TM) 64-Bit Server VM (25.121-b13) for windows-amd64 JRE (1.8.0_121-b13), built on Dec 12 2016 18:21:36 by "java_re" with MS VC++ 10.0 (VS2010)

time: Thu Apr 20 01:33:13 2017
elapsed time: 1 seconds (0d 0h 0m 1s)

