#
# A fatal error has been detected by the Java Runtime Environment:
#
#  EXCEPTION_ACCESS_VIOLATION (0xc0000005) at pc=0x000000006ee76520, pid=9736, tid=0x0000000000002784
#
# JRE version: Java(TM) SE Runtime Environment (8.0_131-b11) (build 1.8.0_131-b11)
# Java VM: Java HotSpot(TM) 64-Bit Server VM (25.131-b11 mixed mode windows-amd64 compressed oops)
# Problematic frame:
# C  [xuggle3365295397984054474.dll+0x736520]
#
# Failed to write core dump. Minidumps are not enabled by default on client versions of Windows
#
# If you would like to submit a bug report, please visit:
#   http://bugreport.java.com/bugreport/crash.jsp
# The crash happened outside the Java Virtual Machine in native code.
# See problematic frame for where to report the bug.
#

---------------  T H R E A D  ---------------

Current thread (0x0000000002bb0800):  JavaThread "main" [_thread_in_native, id=10116, stack(0x0000000002ab0000,0x0000000002bb0000)]

siginfo: ExceptionCode=0xc0000005, reading address 0xffffffffffffffff

Registers:
RAX=0x000000001ed92290, RBX=0x000000001ef13620, RCX=0x000000001ed92290, RDX=0x0000000000000009
RSP=0x0000000002bae3a0, RBP=0x000000001ed919d0, RSI=0x000000001ed93290, RDI=0x0000000000000004
R8 =0x000000006ee77580, R9 =0x000000006ee76490, R10=0x000000001ee63530, R11=0x000000001ef81f30
R12=0x000000001ef82730, R13=0x0000000000000004, R14=0x0000000000000184, R15=0x000000006fab8f20
RIP=0x000000006ee76520, EFLAGS=0x0000000000010202

Top of Stack: (sp=0x0000000002bae3a0)
0x0000000002bae3a0:   000000006ee76665 000000006ee774c5
0x0000000002bae3b0:   000000006ee77505 000000006ee77545
0x0000000002bae3c0:   000000006ee77585 000000006ee79426
0x0000000002bae3d0:   000000006fab8f20 000000001ed92290
0x0000000002bae3e0:   000000001ef15ae0 0000000000000010
0x0000000002bae3f0:   3fe0000000000000 0000000000000000
0x0000000002bae400:   40c7760000000000 0000000000000000
0x0000000002bae410:   3fe0000000000000 0000000000000001
0x0000000002bae420:   000000001ef16ae0 000000006ea45d24
0x0000000002bae430:   3f40624dd2f1a9fc 0000000000000000
0x0000000002bae440:   0000000000000000 0000000000000000
0x0000000002bae450:   0000000000000000 0000000000000000
0x0000000002bae460:   000000001ef1f9e0 000000006fab7320
0x0000000002bae470:   000000001bd7a96d 000000001ef13580
0x0000000002bae480:   0000000000000001 000000001ed919d0
0x0000000002bae490:   000000001ed91a50 0000000000000000 

Instructions: (pc=0x000000006ee76520)
0x000000006ee76500:   c4 e3 5d 0c c0 55 c5 e4 5c c8 c5 e4 58 c0 c5 fc
0x000000006ee76510:   29 01 c5 fc 29 49 20 c3 0f 1f 84 00 00 00 00 00
0x000000006ee76520:   c5 fc 28 51 40 c5 fc 28 59 60 c5 ec 5c fb c5 ec
0x000000006ee76530:   58 d3 c5 c4 57 3d 26 41 84 00 c5 ec c6 df be c5 


Register to memory mapping:

RAX=0x000000001ed92290 is an unknown value
RBX=0x000000001ef13620 is an unknown value
RCX=0x000000001ed92290 is an unknown value
RDX=0x0000000000000009 is an unknown value
RSP=0x0000000002bae3a0 is pointing into the stack for thread: 0x0000000002bb0800
RBP=0x000000001ed919d0 is an unknown value
RSI=0x000000001ed93290 is an unknown value
RDI=0x0000000000000004 is an unknown value
R8 =0x000000006ee77580 is an unknown value
R9 =0x000000006ee76490 is an unknown value
R10=0x000000001ee63530 is an unknown value
R11=0x000000001ef81f30 is an unknown value
R12=0x000000001ef82730 is an unknown value
R13=0x0000000000000004 is an unknown value
R14=0x0000000000000184 is an unknown value
R15=0x000000006fab8f20 is an unknown value


Stack: [0x0000000002ab0000,0x0000000002bb0000],  sp=0x0000000002bae3a0,  free space=1016k
Native frames: (J=compiled Java code, j=interpreted, Vv=VM code, C=native code)
C  [xuggle3365295397984054474.dll+0x736520]

Java frames: (J=compiled Java code, j=interpreted, Vv=VM code)
j  com.xuggle.xuggler.XugglerJNI.IContainer_open__SWIG_1(JLcom/xuggle/xuggler/IContainer;Ljava/lang/String;IJLcom/xuggle/xuggler/IContainerFormat;ZZ)I+0
j  com.xuggle.xuggler.IContainer.open(Ljava/lang/String;Lcom/xuggle/xuggler/IContainer$Type;Lcom/xuggle/xuggler/IContainerFormat;ZZ)I+19
j  com.xuggle.mediatool.MediaReader.open()V+20
j  com.xuggle.mediatool.MediaReader.readPacket()Lcom/xuggle/xuggler/IError;+8
j  greenscreen.VideoCapture.main([Ljava/lang/String;)V+29
v  ~StubRoutines::call_stub

---------------  P R O C E S S  ---------------

Java Threads: ( => current thread )
  0x000000001dc60800 JavaThread "Service Thread" daemon [_thread_blocked, id=7088, stack(0x000000001e030000,0x000000001e130000)]
  0x000000001c2ea800 JavaThread "C1 CompilerThread2" daemon [_thread_blocked, id=9836, stack(0x000000001db30000,0x000000001dc30000)]
  0x000000001c2e0000 JavaThread "C2 CompilerThread1" daemon [_thread_blocked, id=7144, stack(0x000000001da30000,0x000000001db30000)]
  0x000000001c2dd800 JavaThread "C2 CompilerThread0" daemon [_thread_blocked, id=10000, stack(0x000000001d930000,0x000000001da30000)]
  0x000000001c2dc000 JavaThread "Attach Listener" daemon [_thread_blocked, id=7120, stack(0x000000001d830000,0x000000001d930000)]
  0x000000001c2da800 JavaThread "Signal Dispatcher" daemon [_thread_blocked, id=10004, stack(0x000000001d730000,0x000000001d830000)]
  0x000000001c2c9000 JavaThread "Finalizer" daemon [_thread_blocked, id=10008, stack(0x000000001d540000,0x000000001d640000)]
  0x0000000002ca1000 JavaThread "Reference Handler" daemon [_thread_blocked, id=10068, stack(0x000000001d440000,0x000000001d540000)]
=>0x0000000002bb0800 JavaThread "main" [_thread_in_native, id=10116, stack(0x0000000002ab0000,0x0000000002bb0000)]

Other Threads:
  0x000000001c2a7000 VMThread [stack: 0x000000001d340000,0x000000001d440000] [id=10056]
  0x000000001dc69000 WatcherThread [stack: 0x000000001e130000,0x000000001e230000] [id=7084]

VM state:not at safepoint (normal execution)

VM Mutex/Monitor currently owned by a thread: None

Heap:
 PSYoungGen      total 76288K, used 5242K [0x000000076b000000, 0x0000000770500000, 0x00000007c0000000)
  eden space 65536K, 8% used [0x000000076b000000,0x000000076b51ebe8,0x000000076f000000)
  from space 10752K, 0% used [0x000000076fa80000,0x000000076fa80000,0x0000000770500000)
  to   space 10752K, 0% used [0x000000076f000000,0x000000076f000000,0x000000076fa80000)
 ParOldGen       total 175104K, used 0K [0x00000006c1000000, 0x00000006cbb00000, 0x000000076b000000)
  object space 175104K, 0% used [0x00000006c1000000,0x00000006c1000000,0x00000006cbb00000)
 Metaspace       used 4698K, capacity 5120K, committed 5248K, reserved 1056768K
  class space    used 525K, capacity 560K, committed 640K, reserved 1048576K

Card table byte_map: [0x0000000012070000,0x0000000012870000] byte_map_base: 0x000000000ea68000

Marking Bits: (ParMarkBitMap*) 0x000000005ec0c720
 Begin Bits: [0x00000000131c0000, 0x0000000017180000)
 End Bits:   [0x0000000017180000, 0x000000001b140000)

Polling page: 0x00000000029a0000

CodeCache: size=245760Kb used=1602Kb max_used=1613Kb free=244157Kb
 bounds [0x0000000002cb0000, 0x0000000002f20000, 0x0000000011cb0000]
 total_blobs=559 nmethods=241 adapters=231
 compilation: enabled

Compilation events (10 events):
Event: 0.771 Thread 0x000000001c2ea800  235       1       sun.misc.URLClassPath$JarLoader::access$700 (5 bytes)
Event: 0.771 Thread 0x000000001c2ea800 nmethod 235 0x0000000002e3f7d0 code [0x0000000002e3f920, 0x0000000002e3fa10]
Event: 0.771 Thread 0x000000001c2ea800  236       1       java.security.CodeSource::getLocation (5 bytes)
Event: 0.771 Thread 0x000000001c2ea800 nmethod 236 0x0000000002e3fa90 code [0x0000000002e3fbe0, 0x0000000002e3fcf0]
Event: 0.773 Thread 0x000000001c2ea800  237       3       java.lang.String::toCharArray (25 bytes)
Event: 0.773 Thread 0x000000001c2ea800 nmethod 237 0x0000000002e40150 code [0x0000000002e402c0, 0x0000000002e40548]
Event: 0.773 Thread 0x000000001c2e0000  238       4       java.lang.String::startsWith (72 bytes)
Event: 0.774 Thread 0x000000001c2dd800  241       4       java.util.Arrays::copyOfRange (63 bytes)
Event: 0.775 Thread 0x000000001c2e0000 nmethod 238 0x0000000002e43b50 code [0x0000000002e43ca0, 0x0000000002e43e78]
Event: 0.775 Thread 0x000000001c2dd800 nmethod 241 0x0000000002e43fd0 code [0x0000000002e44120, 0x0000000002e44338]

GC Heap History (0 events):
No events

Deoptimization events (1 events):
Event: 0.273 Thread 0x0000000002bb0800 Uncommon trap: reason=unstable_if action=reinterpret pc=0x0000000002e2df80 method=java.util.zip.InflaterInputStream.read([BII)I @ 69

Internal exceptions (10 events):
Event: 0.062 Thread 0x0000000002bb0800 Exception <a 'java/security/PrivilegedActionException'> (0x000000076b082fe0) thrown at [C:\re\workspace\8-2-build-windows-amd64-cygwin\jdk8u131\8869\hotspot\src\share\vm\prims\jvm.cpp, line 1390]
Event: 0.062 Thread 0x0000000002bb0800 Exception <a 'java/security/PrivilegedActionException'> (0x000000076b0831f0) thrown at [C:\re\workspace\8-2-build-windows-amd64-cygwin\jdk8u131\8869\hotspot\src\share\vm\prims\jvm.cpp, line 1390]
Event: 0.062 Thread 0x0000000002bb0800 Exception <a 'java/security/PrivilegedActionException'> (0x000000076b084e90) thrown at [C:\re\workspace\8-2-build-windows-amd64-cygwin\jdk8u131\8869\hotspot\src\share\vm\prims\jvm.cpp, line 1390]
Event: 0.062 Thread 0x0000000002bb0800 Exception <a 'java/security/PrivilegedActionException'> (0x000000076b0850a0) thrown at [C:\re\workspace\8-2-build-windows-amd64-cygwin\jdk8u131\8869\hotspot\src\share\vm\prims\jvm.cpp, line 1390]
Event: 0.062 Thread 0x0000000002bb0800 Exception <a 'java/security/PrivilegedActionException'> (0x000000076b086ca0) thrown at [C:\re\workspace\8-2-build-windows-amd64-cygwin\jdk8u131\8869\hotspot\src\share\vm\prims\jvm.cpp, line 1390]
Event: 0.062 Thread 0x0000000002bb0800 Exception <a 'java/security/PrivilegedActionException'> (0x000000076b086eb0) thrown at [C:\re\workspace\8-2-build-windows-amd64-cygwin\jdk8u131\8869\hotspot\src\share\vm\prims\jvm.cpp, line 1390]
Event: 0.085 Thread 0x0000000002bb0800 Exception <a 'java/security/PrivilegedActionException'> (0x000000076b11d520) thrown at [C:\re\workspace\8-2-build-windows-amd64-cygwin\jdk8u131\8869\hotspot\src\share\vm\prims\jvm.cpp, line 1390]
Event: 0.085 Thread 0x0000000002bb0800 Exception <a 'java/security/PrivilegedActionException'> (0x000000076b11d730) thrown at [C:\re\workspace\8-2-build-windows-amd64-cygwin\jdk8u131\8869\hotspot\src\share\vm\prims\jvm.cpp, line 1390]
Event: 0.085 Thread 0x0000000002bb0800 Exception <a 'java/security/PrivilegedActionException'> (0x000000076b121828) thrown at [C:\re\workspace\8-2-build-windows-amd64-cygwin\jdk8u131\8869\hotspot\src\share\vm\prims\jvm.cpp, line 1390]
Event: 0.085 Thread 0x0000000002bb0800 Exception <a 'java/security/PrivilegedActionException'> (0x000000076b121a38) thrown at [C:\re\workspace\8-2-build-windows-amd64-cygwin\jdk8u131\8869\hotspot\src\share\vm\prims\jvm.cpp, line 1390]

Events (10 events):
Event: 0.774 loading class com/xuggle/mediatool/AMediaListenerMixin
Event: 0.774 loading class com/xuggle/mediatool/AMediaListenerMixin done
Event: 0.774 loading class java/awt/image/RenderedImage
Event: 0.774 loading class java/awt/image/RenderedImage done
Event: 0.774 loading class com/xuggle/xuggler/IContainer$Type
Event: 0.774 loading class com/xuggle/xuggler/IContainer$Type done
Event: 0.775 loading class com/xuggle/xuggler/IContainer$Type$SwigNext
Event: 0.775 loading class com/xuggle/xuggler/IContainer$Type$SwigNext done
Event: 0.775 loading class com/xuggle/xuggler/IContainerFormat
Event: 0.775 loading class com/xuggle/xuggler/IContainerFormat done


Dynamic libraries:
0x00007ff6c51e0000 - 0x00007ff6c5217000 	C:\Program Files\Java\jdk1.8.0_131\bin\java.exe
0x00007fffe47a0000 - 0x00007fffe4971000 	C:\Windows\SYSTEM32\ntdll.dll
0x00007fffe4610000 - 0x00007fffe46bb000 	C:\Windows\System32\KERNEL32.DLL
0x00007fffe1590000 - 0x00007fffe17ad000 	C:\Windows\System32\KERNELBASE.dll
0x00007fffe2490000 - 0x00007fffe2532000 	C:\Windows\System32\ADVAPI32.dll
0x00007fffe1df0000 - 0x00007fffe1e8e000 	C:\Windows\System32\msvcrt.dll
0x00007fffe46d0000 - 0x00007fffe4729000 	C:\Windows\System32\sechost.dll
0x00007fffe2360000 - 0x00007fffe2481000 	C:\Windows\System32\RPCRT4.dll
0x00007fffe26c0000 - 0x00007fffe2825000 	C:\Windows\System32\USER32.dll
0x00007fffe1570000 - 0x00007fffe158e000 	C:\Windows\System32\win32u.dll
0x00007fffe4340000 - 0x00007fffe4374000 	C:\Windows\System32\GDI32.dll
0x00007fffe1850000 - 0x00007fffe19d2000 	C:\Windows\System32\gdi32full.dll
0x00007fffd03a0000 - 0x00007fffd061a000 	C:\Windows\WinSxS\amd64_microsoft.windows.common-controls_6595b64144ccf1df_6.0.14393.953_none_42151e83c686086b\COMCTL32.dll
0x00007fffe2af0000 - 0x00007fffe2db8000 	C:\Windows\System32\combase.dll
0x00007fffe1420000 - 0x00007fffe1515000 	C:\Windows\System32\ucrtbase.dll
0x00007fffe19e0000 - 0x00007fffe1a4a000 	C:\Windows\System32\bcryptPrimitives.dll
0x00007fffe45e0000 - 0x00007fffe460e000 	C:\Windows\System32\IMM32.DLL
0x000000005e310000 - 0x000000005e3e2000 	C:\Program Files\Java\jdk1.8.0_131\jre\bin\msvcr100.dll
0x000000005e3f0000 - 0x000000005ec8c000 	C:\Program Files\Java\jdk1.8.0_131\jre\bin\server\jvm.dll
0x00007fffe2890000 - 0x00007fffe2898000 	C:\Windows\System32\PSAPI.DLL
0x00007fffd4f80000 - 0x00007fffd4f89000 	C:\Windows\SYSTEM32\WSOCK32.dll
0x00007fffdf0a0000 - 0x00007fffdf0c3000 	C:\Windows\SYSTEM32\WINMM.dll
0x00007fffdb440000 - 0x00007fffdb44a000 	C:\Windows\SYSTEM32\VERSION.dll
0x00007fffe2dc0000 - 0x00007fffe2e2a000 	C:\Windows\System32\WS2_32.dll
0x0000000002970000 - 0x000000000299b000 	C:\Windows\SYSTEM32\WINMMBASE.dll
0x00007fffe1520000 - 0x00007fffe1562000 	C:\Windows\System32\cfgmgr32.dll
0x000000005fe00000 - 0x000000005fe0f000 	C:\Program Files\Java\jdk1.8.0_131\jre\bin\verify.dll
0x000000005e2e0000 - 0x000000005e309000 	C:\Program Files\Java\jdk1.8.0_131\jre\bin\java.dll
0x000000005e2c0000 - 0x000000005e2d6000 	C:\Program Files\Java\jdk1.8.0_131\jre\bin\zip.dll
0x00007fffe2e30000 - 0x00007fffe4338000 	C:\Windows\System32\SHELL32.dll
0x00007fffe0c90000 - 0x00007fffe136a000 	C:\Windows\System32\windows.storage.dll
0x00007fffe0c30000 - 0x00007fffe0c7c000 	C:\Windows\System32\powrprof.dll
0x00007fffe4580000 - 0x00007fffe45d2000 	C:\Windows\System32\shlwapi.dll
0x00007fffe0c00000 - 0x00007fffe0c0f000 	C:\Windows\System32\kernel.appcore.dll
0x00007fffe1370000 - 0x00007fffe1419000 	C:\Windows\System32\shcore.dll
0x00007fffe0c10000 - 0x00007fffe0c24000 	C:\Windows\System32\profapi.dll
0x00007fffe0670000 - 0x00007fffe0687000 	C:\Windows\SYSTEM32\CRYPTSP.dll
0x00007fffe00d0000 - 0x00007fffe0103000 	C:\Windows\system32\rsaenh.dll
0x00007fffe0b40000 - 0x00007fffe0b6b000 	C:\Windows\SYSTEM32\bcrypt.dll
0x00007fffe0350000 - 0x00007fffe036f000 	C:\Windows\SYSTEM32\USERENV.dll
0x00007fffe0690000 - 0x00007fffe069b000 	C:\Windows\SYSTEM32\CRYPTBASE.dll
0x000000005e2a0000 - 0x000000005e2ba000 	C:\Program Files\Java\jdk1.8.0_131\jre\bin\net.dll
0x00007fffe04d0000 - 0x00007fffe052c000 	C:\Windows\system32\mswsock.dll
0x00007fffe0250000 - 0x00007fffe0288000 	C:\Windows\SYSTEM32\IPHLPAPI.DLL
0x00007fffe29e0000 - 0x00007fffe29e8000 	C:\Windows\System32\NSI.dll
0x00007fffdcd90000 - 0x00007fffdcda6000 	C:\Windows\SYSTEM32\dhcpcsvc6.DLL
0x00007fffdcd70000 - 0x00007fffdcd8a000 	C:\Windows\SYSTEM32\dhcpcsvc.DLL
0x000000005e280000 - 0x000000005e291000 	C:\Program Files\Java\jdk1.8.0_131\jre\bin\nio.dll
0x000000006e740000 - 0x000000006fda5000 	C:\Users\BestDark\AppData\Local\Temp\xuggle\xuggle3365295397984054474.dll
0x00007fffe28a0000 - 0x00007fffe29d7000 	C:\Windows\System32\ole32.dll
0x00007fffdf100000 - 0x00007fffdf118000 	C:\Windows\SYSTEM32\AVICAP32.dll
0x00007fffda0d0000 - 0x00007fffda0f9000 	C:\Windows\SYSTEM32\MSVFW32.dll
0x00007fffd5050000 - 0x00007fffd51e2000 	C:\Windows\SYSTEM32\dbghelp.dll

VM Arguments:
jvm_args: -Dfile.encoding=UTF-8 
java_command: greenscreen.VideoCapture
java_class_path (initial): D:\Dark\Program Files\NetBeans 8.2\NetBeansProjects\GreenScreen\marvin\framework\marvin_1.5.5.jar;D:\Dark\Program Files\NetBeans 8.2\NetBeansProjects\GreenScreen\marvin\framework\slf4j-api-1.7.25.jar;D:\Dark\Program Files\NetBeans 8.2\NetBeansProjects\GreenScreen\marvin\framework\slf4j-jdk14-1.7.25.jar;D:\Dark\Program Files\NetBeans 8.2\NetBeansProjects\GreenScreen\marvin\framework\xuggle-xuggler-5.4.jar;D:\Dark\Program Files\NetBeans 8.2\NetBeansProjects\GreenScreen\marvin\framework\jcl-over-slf4j-1.7.25.jar;D:\Dark\Program Files\NetBeans 8.2\NetBeansProjects\GreenScreen\marvin\framework\log4j-over-slf4j-1.7.25.jar;D:\Dark\Program Files\NetBeans 8.2\NetBeansProjects\GreenScreen\build\classes
Launcher Type: SUN_STANDARD

Environment Variables:
PATH=C:\ProgramData\Oracle\Java\javapath;C:\Windows\system32;C:\Windows;C:\Windows\System32\Wbem;C:\Windows\System32\WindowsPowerShell\v1.0\;C:\Program Files (x86)\NVIDIA Corporation\PhysX\Common;C:\MinGW\msys\1.0\bin;C:\MinGW\bin;C:\Users\BestDark\AppData\Local\Microsoft\WindowsApps;C:\MinGW\msys\1.0\bin;C:\MinGW\bin
USERNAME=BestDark
OS=Windows_NT
PROCESSOR_IDENTIFIER=Intel64 Family 6 Model 94 Stepping 3, GenuineIntel



---------------  S Y S T E M  ---------------

OS: Windows 10.0 , 64 bit Build 14393 (10.0.14393.0)

CPU:total 4 (initial active 4) (4 cores per cpu, 1 threads per core) family 6 model 94 stepping 3, cmov, cx8, fxsr, mmx, sse, sse2, sse3, ssse3, sse4.1, sse4.2, popcnt, avx, avx2, aes, clmul, erms, rtm, 3dnowpref, lzcnt, tsc, tscinvbit, bmi1, bmi2, adx

Memory: 4k page, physical 16709452k(14128568k free), swap 19199820k(16119240k free)

vm_info: Java HotSpot(TM) 64-Bit Server VM (25.131-b11) for windows-amd64 JRE (1.8.0_131-b11), built on Mar 15 2017 01:23:53 by "java_re" with MS VC++ 10.0 (VS2010)

time: Thu Apr 20 02:10:05 2017
elapsed time: 0 seconds (0d 0h 0m 0s)

